2025-11-14 18:50:40,857 DEBUG    root            Loaded Command Group: ['gcloud', 'builds']
2025-11-14 18:50:40,921 DEBUG    root            Loaded Command Group: ['gcloud', 'builds', 'submit']
2025-11-14 18:50:40,947 DEBUG    root            Running [gcloud.builds.submit] with arguments: [--config: "cloudbuild.yaml", --project: "home-items-app", --substitutions: "OrderedDict([('_SERVICE_NAME', 'menu-items'), ('_REGION', 'asia-northeast1'), ('_IMAGE_TAG', '135f4d8')])"]
2025-11-14 18:50:40,980 DEBUG    root            (gcloud.builds.submit) You do not currently have an active account selected.
Please run:

  $ gcloud auth login

to obtain new credentials.

If you have already logged in with a different account, run:

  $ gcloud config set account ACCOUNT

to select an already authenticated account to use.
Traceback (most recent call last):
  File "/Users/arais/google-cloud-sdk/lib/googlecloudsdk/calliope/cli.py", line 987, in Execute
    resources = calliope_command.Run(cli=self, args=args)
  File "/Users/arais/google-cloud-sdk/lib/googlecloudsdk/calliope/backend.py", line 807, in Run
    resources = command_instance.Run(args)
  File "/Users/arais/google-cloud-sdk/lib/surface/builds/submit.py", line 241, in Run
    args.default_buckets_behavior,
  File "/Users/arais/google-cloud-sdk/lib/googlecloudsdk/command_lib/builds/submit_util.py", line 387, in SetSource
    gcs_client = storage_api.StorageClient()
  File "/Users/arais/google-cloud-sdk/lib/googlecloudsdk/api_lib/storage/storage_api.py", line 91, in __init__
    self.client = client or storage_util.GetClient()
  File "/Users/arais/google-cloud-sdk/lib/googlecloudsdk/api_lib/storage/storage_util.py", line 294, in GetClient
    return core_apis.GetClientInstance('storage', 'v1')
  File "/Users/arais/google-cloud-sdk/lib/googlecloudsdk/api_lib/util/apis.py", line 271, in GetClientInstance
    http_timeout_sec=http_timeout_sec,
  File "/Users/arais/google-cloud-sdk/lib/googlecloudsdk/api_lib/util/apis_internal.py", line 171, in _GetClientInstance
    timeout=http_timeout_sec if http_timeout_sec else 'unset')
  File "/Users/arais/google-cloud-sdk/lib/googlecloudsdk/core/credentials/transports.py", line 86, in GetApitoolsTransport
    redact_request_body_reason=redact_request_body_reason)
  File "/Users/arais/google-cloud-sdk/lib/googlecloudsdk/core/credentials/requests.py", line 83, in GetSession
    allow_account_impersonation, True)
  File "/Users/arais/google-cloud-sdk/lib/googlecloudsdk/core/credentials/requests.py", line 129, in WrapQuota
    use_google_auth)
  File "/Users/arais/google-cloud-sdk/lib/googlecloudsdk/core/credentials/transport.py", line 54, in QuotaProject
    creds = store.LoadIfEnabled(allow_account_impersonation, use_google_auth)
  File "/Users/arais/google-cloud-sdk/lib/googlecloudsdk/core/credentials/store.py", line 458, in LoadIfEnabled
    use_google_auth=use_google_auth)
  File "/Users/arais/google-cloud-sdk/lib/googlecloudsdk/core/credentials/store.py", line 571, in Load
    with_access_token_cache=with_access_token_cache)
  File "/Users/arais/google-cloud-sdk/lib/googlecloudsdk/core/credentials/store.py", line 735, in _Load
    named_configs.ActiveConfig(False).file_path)
googlecloudsdk.core.credentials.exceptions.NoActiveAccountException: You do not currently have an active account selected.
Please run:

  $ gcloud auth login

to obtain new credentials.

If you have already logged in with a different account, run:

  $ gcloud config set account ACCOUNT

to select an already authenticated account to use.
2025-11-14 18:50:40,983 ERROR    root            (gcloud.builds.submit) You do not currently have an active account selected.
Please run:

  $ gcloud auth login

to obtain new credentials.

If you have already logged in with a different account, run:

  $ gcloud config set account ACCOUNT

to select an already authenticated account to use.
2025-11-14 18:50:41,019 DEBUG    root            Metrics reporting process started...
